Arguments: 
  /Users/andjsmi/opt/miniconda3/envs/sagemaker-ext/bin/node /Users/andjsmi/opt/miniconda3/envs/sagemaker-ext/lib/python3.10/site-packages/jupyterlab/staging/yarn.js add @jupyterlab/apputils=1.2

PATH: 
  /Users/andjsmi/opt/apache-maven-3.8.5/bin:/Users/andjsmi/opt/miniconda3/envs/sagemaker-ext/bin:/Users/andjsmi/opt/miniconda3/condabin:/usr/local/bin:/usr/bin:/bin:/usr/sbin:/sbin:/usr/local/bin/mwinit:/usr/local/go/bin

Yarn version: 
  1.15.2

Node version: 
  18.3.0

Platform: 
  darwin x64

Trace: 
  Error: https://registry.yarnpkg.com/@jupyterlab%2fapputils=1.2: Not found
      at params.callback [as _callback] (/Users/andjsmi/opt/miniconda3/envs/sagemaker-ext/lib/python3.10/site-packages/jupyterlab/staging/yarn.js:67174:18)
      at self.callback (/Users/andjsmi/opt/miniconda3/envs/sagemaker-ext/lib/python3.10/site-packages/jupyterlab/staging/yarn.js:123972:22)
      at Request.emit (node:events:527:28)
      at Request.<anonymous> (/Users/andjsmi/opt/miniconda3/envs/sagemaker-ext/lib/python3.10/site-packages/jupyterlab/staging/yarn.js:124944:10)
      at Request.emit (node:events:527:28)
      at IncomingMessage.<anonymous> (/Users/andjsmi/opt/miniconda3/envs/sagemaker-ext/lib/python3.10/site-packages/jupyterlab/staging/yarn.js:124866:12)
      at Object.onceWrapper (node:events:641:28)
      at IncomingMessage.emit (node:events:539:35)
      at endReadableNT (node:internal/streams/readable:1344:12)
      at process.processTicksAndRejections (node:internal/process/task_queues:82:21)

npm manifest: 
  {
    "name": "sagemaker-ext",
    "version": "0.1.0",
    "description": "A JupyterLab extension.",
    "keywords": [
      "jupyter",
      "jupyterlab",
      "jupyterlab-extension"
    ],
    "homepage": "https://github.com/my_name/myextension",
    "bugs": {
      "url": "https://github.com/my_name/myextension/issues"
    },
    "license": "BSD-3-Clause",
    "author": "Andrew",
    "files": [
      "lib/**/*.{d.ts,eot,gif,html,jpg,js,js.map,json,png,svg,woff2,ttf}",
      "style/**/*.{css,eot,gif,html,jpg,json,png,svg,woff2,ttf}"
    ],
    "main": "lib/index.js",
    "types": "lib/index.d.ts",
    "style": "style/index.css",
    "repository": {
      "type": "git",
      "url": "https://github.com/my_name/myextension.git"
    },
    "scripts": {
      "build": "tsc",
      "clean": "rimraf lib tsconfig.tsbuildinfo",
      "prepare": "jlpm run clean && jlpm run build",
      "watch": "tsc -w"
    },
    "dependencies": {
      "@jupyterlab/application": "^3.4.3",
      "@jupyterlab/apputils": "^3.4.3",
      "react": "^18.2.0"
    },
    "devDependencies": {
      "rimraf": "^2.6.1",
      "typescript": "~3.5.2"
    },
    "sideEffects": [
      "style/*.css"
    ],
    "jupyterlab": {
      "extension": true
    }
  }

yarn manifest: 
  No manifest

Lockfile: 
  # THIS IS AN AUTOGENERATED FILE. DO NOT EDIT THIS FILE DIRECTLY.
  # yarn lockfile v1
  
  
  "@babel/runtime@^7.1.2":
    version "7.18.6"
    resolved "https://registry.npmjs.org/@babel/runtime/-/runtime-7.18.6.tgz"
    integrity sha512-t9wi7/AW6XtKahAe20Yw0/mMljKq0B1r2fPdvaAdV/KPDZewFXdaaa6K7lxmZBZ8FBNpCiAT6iHPmd6QO9bKfQ==
    dependencies:
      regenerator-runtime "^0.13.4"
  
  "@blueprintjs/colors@^4.0.0-alpha.3":
    version "4.1.3"
    resolved "https://registry.npmjs.org/@blueprintjs/colors/-/colors-4.1.3.tgz"
    integrity sha512-ANRQZT5h9+zC8B/y0S9B+SqEpicL0XRT4drAhiPFHBrOStRZWzOh3bPrwNSPqr7tdShxYtMyxbH+fkHMetZaxg==
  
  "@blueprintjs/core@^3.36.0", "@blueprintjs/core@^3.54.0":
    version "3.54.0"
    resolved "https://registry.npmjs.org/@blueprintjs/core/-/core-3.54.0.tgz"
    integrity sha512-u2c1s6MNn0ocxhnC6CuiG5g3KV6b4cKUvSobznepA9SC3/AL1s3XOvT7DLWoHRv2B/vBOHFYEDzLw2/vlcGGZg==
    dependencies:
      "@blueprintjs/colors" "^4.0.0-alpha.3"
      "@blueprintjs/icons" "^3.33.0"
      "@juggle/resize-observer" "^3.3.1"
      "@types/dom4" "^2.0.1"
      classnames "^2.2"
      dom4 "^2.1.5"
      normalize.css "^8.0.1"
      popper.js "^1.16.1"
      react-lifecycles-compat "^3.0.4"
      react-popper "^1.3.7"
      react-transition-group "^2.9.0"
      tslib "~2.3.1"
  
  "@blueprintjs/icons@^3.33.0":
    version "3.33.0"
    resolved "https://registry.npmjs.org/@blueprintjs/icons/-/icons-3.33.0.tgz"
    integrity sha512-Q6qoSDIm0kRYQZISm59UUcDCpV3oeHulkLuh3bSlw0HhcSjvEQh2PSYbtaifM60Q4aK4PCd6bwJHg7lvF1x5fQ==
    dependencies:
      classnames "^2.2"
      tslib "~2.3.1"
  
  "@blueprintjs/select@^3.15.0":
    version "3.19.1"
    resolved "https://registry.npmjs.org/@blueprintjs/select/-/select-3.19.1.tgz"
    integrity sha512-8UJIZMaWXRMQHr14wbmzJc/CklcSKxOU5JUux0xXKQz/hDW/g1a650tlwJmnxufvRdShbGinlVfHupCs0EL6sw==
    dependencies:
      "@blueprintjs/core" "^3.54.0"
      classnames "^2.2"
      tslib "~2.3.1"
  
  "@fortawesome/fontawesome-free@^5.12.0":
    version "5.15.4"
    resolved "https://registry.npmjs.org/@fortawesome/fontawesome-free/-/fontawesome-free-5.15.4.tgz"
    integrity sha512-eYm8vijH/hpzr/6/1CJ/V/Eb1xQFW2nnUKArb3z+yUWv7HTwj6M7SP957oMjfZjAHU6qpoNc2wQvIxBLWYa/Jg==
  
  "@hypnosphi/create-react-context@^0.3.1":
    version "0.3.1"
    resolved "https://registry.npmjs.org/@hypnosphi/create-react-context/-/create-react-context-0.3.1.tgz"
    integrity sha512-V1klUed202XahrWJLLOT3EXNeCpFHCcJntdFGI15ntCwau+jfT386w7OFTMaCqOgXUH1fa0w/I1oZs+i/Rfr0A==
    dependencies:
      gud "^1.0.0"
      warning "^4.0.3"
  
  "@juggle/resize-observer@^3.3.1":
    version "3.3.1"
    resolved "https://registry.npmjs.org/@juggle/resize-observer/-/resize-observer-3.3.1.tgz"
    integrity sha512-zMM9Ds+SawiUkakS7y94Ymqx+S0ORzpG3frZirN3l+UlXUmSUR7hF4wxCVqW+ei94JzV5kt0uXBcoOEAuiydrw==
  
  "@jupyterlab/application@^3.4.3":
    version "3.4.3"
    resolved "https://registry.npmjs.org/@jupyterlab/application/-/application-3.4.3.tgz"
    integrity sha512-JZy/4yB23N9o0gJFL8L219N7cWhUgulBECa+esN8K/i3TVoG0m/obacLBJrmwdgmQKAgyJ2Vfo1tyhW3UHvlFw==
    dependencies:
      "@fortawesome/fontawesome-free" "^5.12.0"
      "@jupyterlab/apputils" "^3.4.3"
      "@jupyterlab/coreutils" "^5.4.3"
      "@jupyterlab/docregistry" "^3.4.3"
      "@jupyterlab/rendermime" "^3.4.3"
      "@jupyterlab/rendermime-interfaces" "^3.4.3"
      "@jupyterlab/services" "^6.4.3"
      "@jupyterlab/statedb" "^3.4.3"
      "@jupyterlab/translation" "^3.4.3"
      "@jupyterlab/ui-components" "^3.4.3"
      "@lumino/algorithm" "^1.9.0"
      "@lumino/application" "^1.27.0"
      "@lumino/commands" "^1.19.0"
      "@lumino/coreutils" "^1.11.0"
      "@lumino/disposable" "^1.10.0"
      "@lumino/messaging" "^1.10.0"
      "@lumino/polling" "^1.9.0"
      "@lumino/properties" "^1.8.0"
      "@lumino/signaling" "^1.10.0"
      "@lumino/widgets" "^1.30.0"
  
  "@jupyterlab/apputils@^3.4.3":
    version "3.4.3"
    resolved "https://registry.yarnpkg.com/@jupyterlab/apputils/-/apputils-3.4.3.tgz#ad69a437c4b07a5df62e9f7f33075850f5a2ca46"
    integrity sha512-zpMnYVxXiOJSYHrrpfptmlmIzMXB/slmLh5Fv5gG6QAaBoMBHq11cVZWUiWoXt5r6hYEco8jIG7iMN8/MCsWYQ==
    dependencies:
      "@jupyterlab/coreutils" "^5.4.3"
      "@jupyterlab/observables" "^4.4.3"
      "@jupyterlab/services" "^6.4.3"
      "@jupyterlab/settingregistry" "^3.4.3"
      "@jupyterlab/statedb" "^3.4.3"
      "@jupyterlab/translation" "^3.4.3"
      "@jupyterlab/ui-components" "^3.4.3"
      "@lumino/algorithm" "^1.9.0"
      "@lumino/commands" "^1.19.0"
      "@lumino/coreutils" "^1.11.0"
      "@lumino/disposable" "^1.10.0"
      "@lumino/domutils" "^1.8.0"
      "@lumino/messaging" "^1.10.0"
      "@lumino/polling" "^1.9.0"
      "@lumino/properties" "^1.8.0"
      "@lumino/signaling" "^1.10.0"
      "@lumino/virtualdom" "^1.14.0"
      "@lumino/widgets" "^1.30.0"
      "@types/react" "^17.0.0"
      react "^17.0.1"
      react-dom "^17.0.1"
      sanitize-html "~2.5.3"
      url "^0.11.0"
  
  "@jupyterlab/codeeditor@^3.4.3":
    version "3.4.3"
    resolved "https://registry.npmjs.org/@jupyterlab/codeeditor/-/codeeditor-3.4.3.tgz"
    integrity sha512-xnEMGS6Y6UlPQi+suFCrf7rPPnNbC6hRI+yBgsK82O7MiMjHIti/V1dcjP93xjvTuCZexO8qCtRRLoMtTSELWA==
    dependencies:
      "@jupyterlab/coreutils" "^5.4.3"
      "@jupyterlab/nbformat" "^3.4.3"
      "@jupyterlab/observables" "^4.4.3"
      "@jupyterlab/shared-models" "^3.4.3"
      "@jupyterlab/translation" "^3.4.3"
      "@jupyterlab/ui-components" "^3.4.3"
      "@lumino/coreutils" "^1.11.0"
      "@lumino/disposable" "^1.10.0"
      "@lumino/dragdrop" "^1.13.0"
      "@lumino/messaging" "^1.10.0"
      "@lumino/signaling" "^1.10.0"
      "@lumino/widgets" "^1.30.0"
  
  "@jupyterlab/codemirror@^3.4.3":
    version "3.4.3"
    resolved "https://registry.npmjs.org/@jupyterlab/codemirror/-/codemirror-3.4.3.tgz"
    integrity sha512-Fe2yP/d6bUFAz4dNILwst4AsWZP0/cZOt+vnqu5VF/f2F/u3XTaaYNMQKnESRnm/eV+ZwkE+tKE7jF9begshuQ==
    dependencies:
      "@jupyterlab/apputils" "^3.4.3"
      "@jupyterlab/codeeditor" "^3.4.3"
      "@jupyterlab/coreutils" "^5.4.3"
      "@jupyterlab/nbformat" "^3.4.3"
      "@jupyterlab/observables" "^4.4.3"
      "@jupyterlab/shared-models" "^3.4.3"
      "@jupyterlab/statusbar" "^3.4.3"
      "@jupyterlab/translation" "^3.4.3"
      "@lumino/algorithm" "^1.9.0"
      "@lumino/commands" "^1.19.0"
      "@lumino/coreutils" "^1.11.0"
      "@lumino/disposable" "^1.10.0"
      "@lumino/polling" "^1.9.0"
      "@lumino/signaling" "^1.10.0"
      "@lumino/widgets" "^1.30.0"
      codemirror "~5.61.0"
      react "^17.0.1"
      y-codemirror "^3.0.1"
  
  "@jupyterlab/coreutils@^5.4.3":
    version "5.4.3"
    resolved "https://registry.npmjs.org/@jupyterlab/coreutils/-/coreutils-5.4.3.tgz"
    integrity sha512-9X021xXTDVnCSYGXsRsMsxCaoHk28oHC/fUTytc5DRgTcpzOGPBO/mVpgJfyejOdy4HxBbAovJSnkBlPwjm1yA==
    dependencies:
      "@lumino/coreutils" "^1.11.0"
      "@lumino/disposable" "^1.10.0"
      "@lumino/signaling" "^1.10.0"
      minimist "~1.2.0"
      moment "^2.24.0"
      path-browserify "^1.0.0"
      url-parse "~1.5.1"
  
  "@jupyterlab/docprovider@^3.4.3":
    version "3.4.3"
    resolved "https://registry.npmjs.org/@jupyterlab/docprovider/-/docprovider-3.4.3.tgz"
    integrity sha512-BnBkbFESEBGB9Df60hxtC5MAhHi1suReC4eN2Y1OsVXCbq2OTeTAP5DHeJjFDxBZDY1UQlss1li6+/IPbeXgVw==
    dependencies:
      "@jupyterlab/shared-models" "^3.4.3"
      "@lumino/coreutils" "^1.11.0"
      lib0 "^0.2.42"
      y-websocket "^1.3.15"
      yjs "^13.5.17"
  
  "@jupyterlab/docregistry@^3.4.3":
    version "3.4.3"
    resolved "https://registry.npmjs.org/@jupyterlab/docregistry/-/docregistry-3.4.3.tgz"
    integrity sha512-A+WXGj9HosbSh/I0XQbXN1Sxt4GbjUDXntQ5DGoeOoLfwLHBTkvgg7lZ+AJJyXTDz4jxCWe5jNWnwPkk5mp90Q==
    dependencies:
      "@jupyterlab/apputils" "^3.4.3"
      "@jupyterlab/codeeditor" "^3.4.3"
      "@jupyterlab/codemirror" "^3.4.3"
      "@jupyterlab/coreutils" "^5.4.3"
      "@jupyterlab/docprovider" "^3.4.3"
      "@jupyterlab/observables" "^4.4.3"
      "@jupyterlab/rendermime" "^3.4.3"
      "@jupyterlab/rendermime-interfaces" "^3.4.3"
      "@jupyterlab/services" "^6.4.3"
      "@jupyterlab/shared-models" "^3.4.3"
      "@jupyterlab/translation" "^3.4.3"
      "@jupyterlab/ui-components" "^3.4.3"
      "@lumino/algorithm" "^1.9.0"
      "@lumino/coreutils" "^1.11.0"
      "@lumino/disposable" "^1.10.0"
      "@lumino/messaging" "^1.10.0"
      "@lumino/signaling" "^1.10.0"
      "@lumino/widgets" "^1.30.0"
      yjs "^13.5.17"
  
  "@jupyterlab/nbformat@^3.4.3":
    version "3.4.3"
    resolved "https://registry.npmjs.org/@jupyterlab/nbformat/-/nbformat-3.4.3.tgz"
    integrity sha512-i/yADrwhhAJJCUOTa+fEBMyJO7fvX9Y73I0B7V6dQhGcrmrEKLC3wk4yOo63+jRntd5+dupbiOtz3w1ncIXwIA==
    dependencies:
      "@lumino/coreutils" "^1.11.0"
  
  "@jupyterlab/observables@^4.4.3":
    version "4.4.3"
    resolved "https://registry.npmjs.org/@jupyterlab/observables/-/observables-4.4.3.tgz"
    integrity sha512-AUuNoBIcctmJip4pZEYfmw14/FjTeyO3lVgp0pgZWTowzI6ihJP8pWaxc5GtfHOPGTn+S81r1FSPSiLLFqFyZg==
    dependencies:
      "@lumino/algorithm" "^1.9.0"
      "@lumino/coreutils" "^1.11.0"
      "@lumino/disposable" "^1.10.0"
      "@lumino/messaging" "^1.10.0"
      "@lumino/signaling" "^1.10.0"
  
  "@jupyterlab/rendermime-interfaces@^3.4.3":
    version "3.4.3"
    resolved "https://registry.npmjs.org/@jupyterlab/rendermime-interfaces/-/rendermime-interfaces-3.4.3.tgz"
    integrity sha512-DPAUHiNpGJBPV45yabEajQrV3wt9/YyFrPjLJpKxFolNmQcbSvNWCetKqq698DvNCa2Ng5U+j8ivJZA7Iyfbjg==
    dependencies:
      "@jupyterlab/translation" "^3.4.3"
      "@lumino/coreutils" "^1.11.0"
      "@lumino/widgets" "^1.30.0"
  
  "@jupyterlab/rendermime@^3.4.3":
    version "3.4.3"
    resolved "https://registry.npmjs.org/@jupyterlab/rendermime/-/rendermime-3.4.3.tgz"
    integrity sha512-2EaevAXBopW7yZWX/Nmh9bBRLuvBLcg4okyLQfMKM+rOtR5mS+/4QRXqqp7Nk3R9ofuWUBw6tQEKk8nhiFJS9w==
    dependencies:
      "@jupyterlab/apputils" "^3.4.3"
      "@jupyterlab/codemirror" "^3.4.3"
      "@jupyterlab/coreutils" "^5.4.3"
      "@jupyterlab/nbformat" "^3.4.3"
      "@jupyterlab/observables" "^4.4.3"
      "@jupyterlab/rendermime-interfaces" "^3.4.3"
      "@jupyterlab/services" "^6.4.3"
      "@jupyterlab/translation" "^3.4.3"
      "@lumino/algorithm" "^1.9.0"
      "@lumino/coreutils" "^1.11.0"
      "@lumino/messaging" "^1.10.0"
      "@lumino/signaling" "^1.10.0"
      "@lumino/widgets" "^1.30.0"
      lodash.escape "^4.0.1"
      marked "^4.0.10"
  
  "@jupyterlab/services@^6.4.3":
    version "6.4.3"
    resolved "https://registry.npmjs.org/@jupyterlab/services/-/services-6.4.3.tgz"
    integrity sha512-h0z+qlK3aMGwC/b1GJXscrLp6KH6xTygu8SRkey81hBkOVitE6We32b7VZD3iVPjZN7EdD4/EcjAjtl1EgsQlQ==
    dependencies:
      "@jupyterlab/coreutils" "^5.4.3"
      "@jupyterlab/nbformat" "^3.4.3"
      "@jupyterlab/observables" "^4.4.3"
      "@jupyterlab/settingregistry" "^3.4.3"
      "@jupyterlab/statedb" "^3.4.3"
      "@lumino/algorithm" "^1.9.0"
      "@lumino/coreutils" "^1.11.0"
      "@lumino/disposable" "^1.10.0"
      "@lumino/polling" "^1.9.0"
      "@lumino/signaling" "^1.10.0"
      node-fetch "^2.6.0"
      ws "^7.4.6"
  
  "@jupyterlab/settingregistry@^3.4.3":
    version "3.4.3"
    resolved "https://registry.npmjs.org/@jupyterlab/settingregistry/-/settingregistry-3.4.3.tgz"
    integrity sha512-DYrlQz4FIhx9JP3lmevGY1MWgvDN/2ujpQxBZeuz3TPEoSwMpLNwXcI7U69XSm/CF99IN2W3V8LGOKx0M+T9Ug==
    dependencies:
      "@jupyterlab/statedb" "^3.4.3"
      "@lumino/commands" "^1.19.0"
      "@lumino/coreutils" "^1.11.0"
      "@lumino/disposable" "^1.10.0"
      "@lumino/signaling" "^1.10.0"
      ajv "^6.12.3"
      json5 "^2.1.1"
  
  "@jupyterlab/shared-models@^3.4.3":
    version "3.4.3"
    resolved "https://registry.npmjs.org/@jupyterlab/shared-models/-/shared-models-3.4.3.tgz"
    integrity sha512-l59ufJoLifv7i7Dlg5112FBLGhA9gTmcFbqniGwmPjnrd5rbS5l+pNJoeMGVID+rWUyI1C0eE0K3V9Vz9Ub+4w==
    dependencies:
      "@jupyterlab/nbformat" "^3.4.3"
      "@lumino/coreutils" "^1.11.0"
      "@lumino/disposable" "^1.10.0"
      "@lumino/signaling" "^1.10.0"
      y-protocols "^1.0.5"
      yjs "^13.5.17"
  
  "@jupyterlab/statedb@^3.4.3":
    version "3.4.3"
    resolved "https://registry.npmjs.org/@jupyterlab/statedb/-/statedb-3.4.3.tgz"
    integrity sha512-Gr96oF20qEVv7jFDgDvi6GciLoGp+qo3lElqQdJhgqmLrQI9oTqtYOwkxLYjOzY8uhXI+Z4X1tZ7cRkNdoUCVw==
    dependencies:
      "@lumino/commands" "^1.19.0"
      "@lumino/coreutils" "^1.11.0"
      "@lumino/disposable" "^1.10.0"
      "@lumino/properties" "^1.8.0"
      "@lumino/signaling" "^1.10.0"
  
  "@jupyterlab/statusbar@^3.4.3":
    version "3.4.3"
    resolved "https://registry.npmjs.org/@jupyterlab/statusbar/-/statusbar-3.4.3.tgz"
    integrity sha512-cNx0EPedajqA9HCY/Yc34wh6ouZRUkdlVNaahVAhhj+qTs3HfGHFZagkjgPAg36cSPYrHyq1speRh0UGyqqyTw==
    dependencies:
      "@jupyterlab/apputils" "^3.4.3"
      "@jupyterlab/codeeditor" "^3.4.3"
      "@jupyterlab/services" "^6.4.3"
      "@jupyterlab/translation" "^3.4.3"
      "@jupyterlab/ui-components" "^3.4.3"
      "@lumino/algorithm" "^1.9.0"
      "@lumino/coreutils" "^1.11.0"
      "@lumino/disposable" "^1.10.0"
      "@lumino/messaging" "^1.10.0"
      "@lumino/signaling" "^1.10.0"
      "@lumino/widgets" "^1.30.0"
      csstype "~3.0.3"
      react "^17.0.1"
      typestyle "^2.0.4"
  
  "@jupyterlab/translation@^3.4.3":
    version "3.4.3"
    resolved "https://registry.npmjs.org/@jupyterlab/translation/-/translation-3.4.3.tgz"
    integrity sha512-NNpSqdFxxmx/miCTbTk/8fZapMArM8YJ2Q4WCzYcEiRVYfJbzozrSqIu8X0gNcIbV3IGD+GXueqWQb7xr637bQ==
    dependencies:
      "@jupyterlab/coreutils" "^5.4.3"
      "@jupyterlab/services" "^6.4.3"
      "@jupyterlab/statedb" "^3.4.3"
      "@lumino/coreutils" "^1.11.0"
  
  "@jupyterlab/ui-components@^3.4.3":
    version "3.4.3"
    resolved "https://registry.npmjs.org/@jupyterlab/ui-components/-/ui-components-3.4.3.tgz"
    integrity sha512-oFl3QXiQDjDEte5emdNpdnjAptbGt+pm+TieUmx/+/SpYGsgGV5F1lRHw7kOdyUAB8CIRayqlGZ5BpWGNLFT7g==
    dependencies:
      "@blueprintjs/core" "^3.36.0"
      "@blueprintjs/select" "^3.15.0"
      "@jupyterlab/coreutils" "^5.4.3"
      "@jupyterlab/translation" "^3.4.3"
      "@lumino/algorithm" "^1.9.0"
      "@lumino/commands" "^1.19.0"
      "@lumino/coreutils" "^1.11.0"
      "@lumino/disposable" "^1.10.0"
      "@lumino/signaling" "^1.10.0"
      "@lumino/virtualdom" "^1.14.0"
      "@lumino/widgets" "^1.30.0"
      "@rjsf/core" "^3.1.0"
      react "^17.0.1"
      react-dom "^17.0.1"
      typestyle "^2.0.4"
  
  "@lumino/algorithm@^1.9.0", "@lumino/algorithm@^1.9.1":
    version "1.9.1"
    resolved "https://registry.npmjs.org/@lumino/algorithm/-/algorithm-1.9.1.tgz"
    integrity sha512-d0rj7IYRzYj6WbWSrbJbKvrfO4H0NUnXT2yjSWS/sCklpTpSp0IGmndK/X4r6gG+ev5lb5+wBg9ofUDBvoAlAw==
  
  "@lumino/application@^1.27.0":
    version "1.29.2"
    resolved "https://registry.npmjs.org/@lumino/application/-/application-1.29.2.tgz"
    integrity sha512-Ub8NNaWqYTrM8fdJt4+GKaAMjCO4OYHmO/aOBX1uzOqj/ZXHm3d8hFxmrfcijrRbTdiTZkVEZ8zyJorNDJZSEg==
    dependencies:
      "@lumino/commands" "^1.20.0"
      "@lumino/coreutils" "^1.12.0"
      "@lumino/widgets" "^1.33.0"
  
  "@lumino/collections@^1.9.1":
    version "1.9.1"
    resolved "https://registry.npmjs.org/@lumino/collections/-/collections-1.9.1.tgz"
    integrity sha512-5RaRGUY7BJ/1j173sc9DCfiVf70Z0hopRnBV8/AeAaK9bJJRAYjDhlZ9O8xTyouegh6krkOfiDyjl3pwogLrQw==
    dependencies:
      "@lumino/algorithm" "^1.9.1"
  
  "@lumino/commands@^1.19.0", "@lumino/commands@^1.20.0":
    version "1.20.0"
    resolved "https://registry.npmjs.org/@lumino/commands/-/commands-1.20.0.tgz"
    integrity sha512-xyrzDIJ9QEbcbRAwmXrjb7A7/E5MDNbnLANKwqmFVNF+4LSnF62obdvY4On3Rify3HmfX0u16Xr9gfoWPX9wLQ==
    dependencies:
      "@lumino/algorithm" "^1.9.1"
      "@lumino/coreutils" "^1.12.0"
      "@lumino/disposable" "^1.10.1"
      "@lumino/domutils" "^1.8.1"
      "@lumino/keyboard" "^1.8.1"
      "@lumino/signaling" "^1.10.1"
      "@lumino/virtualdom" "^1.14.1"
  
  "@lumino/coreutils@^1.11.0", "@lumino/coreutils@^1.12.0":
    version "1.12.0"
    resolved "https://registry.npmjs.org/@lumino/coreutils/-/coreutils-1.12.0.tgz"
    integrity sha512-DSglh4ylmLi820CNx9soJmDJCpUgymckdWeGWuN0Ash5g60oQvrQDfosVxEhzmNvtvXv45WZEqSBzDP6E5SEmQ==
  
  "@lumino/disposable@^1.10.0", "@lumino/disposable@^1.10.1":
    version "1.10.1"
    resolved "https://registry.npmjs.org/@lumino/disposable/-/disposable-1.10.1.tgz"
    integrity sha512-mZQILc8sVGZC7mJNOGVmehDRO9/u3sIRdjZ+pCYjDgXKcINLd6HoPhZDquKCWiRBfHTL1B3tOHjnBhahBc2N/Q==
    dependencies:
      "@lumino/algorithm" "^1.9.1"
      "@lumino/signaling" "^1.10.1"
  
  "@lumino/domutils@^1.8.0", "@lumino/domutils@^1.8.1":
    version "1.8.1"
    resolved "https://registry.npmjs.org/@lumino/domutils/-/domutils-1.8.1.tgz"
    integrity sha512-QUVXwmDMIfcHC3yslhmyGK4HYBKaJ3xX5MTwDrjsSX7J7AZ4jwL4zfsxyF9ntdqEKraoJhLQ6BaUBY+Ur1cnYw==
  
  "@lumino/dragdrop@^1.13.0", "@lumino/dragdrop@^1.14.0":
    version "1.14.0"
    resolved "https://registry.npmjs.org/@lumino/dragdrop/-/dragdrop-1.14.0.tgz"
    integrity sha512-hO8sgF0BkpihKIP6UZgVJgiOEhz89i7Oxtp9FR9Jqw5alGocxSXt7q3cteMvqpcL6o2/s3CafZNRkVLRXmepNw==
    dependencies:
      "@lumino/coreutils" "^1.12.0"
      "@lumino/disposable" "^1.10.1"
  
  "@lumino/keyboard@^1.8.1":
    version "1.8.1"
    resolved "https://registry.npmjs.org/@lumino/keyboard/-/keyboard-1.8.1.tgz"
    integrity sha512-8x0y2ZQtEvOsblpI2gfTgf+gboftusP+5aukKEsgNQtzFl28RezQXEOSVd8iD3K6+Q1MaPQF0OALYP0ASqBjBg==
  
  "@lumino/messaging@^1.10.0", "@lumino/messaging@^1.10.1":
    version "1.10.1"
    resolved "https://registry.npmjs.org/@lumino/messaging/-/messaging-1.10.1.tgz"
    integrity sha512-XZSdt9ih94rdeeLL0cryUw6HHD51D7TP8c+MFf+YRF6VKwOFB9RoajfQWadeqpmH+schTs3EsrFfA9KHduzC7w==
    dependencies:
      "@lumino/algorithm" "^1.9.1"
      "@lumino/collections" "^1.9.1"
  
  "@lumino/polling@^1.9.0":
    version "1.10.0"
    resolved "https://registry.npmjs.org/@lumino/polling/-/polling-1.10.0.tgz"
    integrity sha512-ZNXObJQfugnS41Yrlr7yWcFiRK+xAGGOXO08JJ0Mctsg5mT30UEGFVWJY2AjZ6N5aQuLyGed/pMkBzLzrzt8OA==
    dependencies:
      "@lumino/coreutils" "^1.12.0"
      "@lumino/disposable" "^1.10.1"
      "@lumino/signaling" "^1.10.1"
  
  "@lumino/properties@^1.8.0", "@lumino/properties@^1.8.1":
    version "1.8.1"
    resolved "https://registry.npmjs.org/@lumino/properties/-/properties-1.8.1.tgz"
    integrity sha512-O+CCcAqP64Di32DUZ4Jqq0DtUyE5RJREN5vbkgGZGu+WauJ/RYoiLDe1ubbAeSaHk71OrS60ZBV7QyC8ZaBVsA==
  
  "@lumino/signaling@^1.10.0", "@lumino/signaling@^1.10.1":
    version "1.10.1"
    resolved "https://registry.npmjs.org/@lumino/signaling/-/signaling-1.10.1.tgz"
    integrity sha512-GZVbX4cfk/ZqLwkemPD/NwqToaTL/6q7qdLpEhgkiPlaH1S5/V7fDpP7N1uFy4n3BDITId8cpYgH/Ds32Mdp3A==
    dependencies:
      "@lumino/algorithm" "^1.9.1"
  
  "@lumino/virtualdom@^1.14.0", "@lumino/virtualdom@^1.14.1":
    version "1.14.1"
    resolved "https://registry.npmjs.org/@lumino/virtualdom/-/virtualdom-1.14.1.tgz"
    integrity sha512-imIJd/wtRkoR1onEiG5nxPEaIrf70nn4PgD/56ri3/Lo6AJEX2CusF6iIA27GVB8yl/7CxgTHUnzzCwTFPypcA==
    dependencies:
      "@lumino/algorithm" "^1.9.1"
  
  "@lumino/widgets@^1.30.0", "@lumino/widgets@^1.33.0":
    version "1.33.0"
    resolved "https://registry.npmjs.org/@lumino/widgets/-/widgets-1.33.0.tgz"
    integrity sha512-Kt1zYU0FOZLTcyCAPkCAqFhK6PW+VAB0WIFuGdihO8BblfhY7KRsPn041PwVTXHAZrid1yaB2/aN+HbB2zh4Nw==
    dependencies:
      "@lumino/algorithm" "^1.9.1"
      "@lumino/commands" "^1.20.0"
      "@lumino/coreutils" "^1.12.0"
      "@lumino/disposable" "^1.10.1"
      "@lumino/domutils" "^1.8.1"
      "@lumino/dragdrop" "^1.14.0"
      "@lumino/keyboard" "^1.8.1"
      "@lumino/messaging" "^1.10.1"
      "@lumino/properties" "^1.8.1"
      "@lumino/signaling" "^1.10.1"
      "@lumino/virtualdom" "^1.14.1"
  
  "@rjsf/core@^3.1.0":
    version "3.2.1"
    resolved "https://registry.npmjs.org/@rjsf/core/-/core-3.2.1.tgz"
    integrity sha512-dk8ihvxFbcuIwU7G+HiJbFgwyIvaumPt5g5zfnuC26mwTUPlaDGFXKK2yITp8tJ3+hcwS5zEXtAN9wUkfuM4jA==
    dependencies:
      "@types/json-schema" "^7.0.7"
      ajv "^6.7.0"
      core-js-pure "^3.6.5"
      json-schema-merge-allof "^0.6.0"
      jsonpointer "^5.0.0"
      lodash "^4.17.15"
      nanoid "^3.1.23"
      prop-types "^15.7.2"
      react-is "^16.9.0"
  
  "@types/dom4@^2.0.1":
    version "2.0.2"
    resolved "https://registry.npmjs.org/@types/dom4/-/dom4-2.0.2.tgz"
    integrity sha512-Rt4IC1T7xkCWa0OG1oSsPa0iqnxlDeQqKXZAHrQGLb7wFGncWm85MaxKUjAGejOrUynOgWlFi4c6S6IyJwoK4g==
  
  "@types/json-schema@^7.0.7":
    version "7.0.11"
    resolved "https://registry.npmjs.org/@types/json-schema/-/json-schema-7.0.11.tgz"
    integrity sha512-wOuvG1SN4Us4rez+tylwwwCV1psiNVOkJeM3AUWUNWg/jDQY2+HE/444y5gc+jBmRqASOm2Oeh5c1axHobwRKQ==
  
  "@types/prop-types@*":
    version "15.7.5"
    resolved "https://registry.npmjs.org/@types/prop-types/-/prop-types-15.7.5.tgz"
    integrity sha512-JCB8C6SnDoQf0cNycqd/35A7MjcnK+ZTqE7judS6o7utxUCg6imJg3QK2qzHKszlTjcj2cn+NwMB2i96ubpj7w==
  
  "@types/react@^17.0.0":
    version "17.0.47"
    resolved "https://registry.npmjs.org/@types/react/-/react-17.0.47.tgz"
    integrity sha512-mk0BL8zBinf2ozNr3qPnlu1oyVTYq+4V7WA76RgxUAtf0Em/Wbid38KN6n4abEkvO4xMTBWmnP1FtQzgkEiJoA==
    dependencies:
      "@types/prop-types" "*"
      "@types/scheduler" "*"
      csstype "^3.0.2"
  
  "@types/scheduler@*":
    version "0.16.2"
    resolved "https://registry.npmjs.org/@types/scheduler/-/scheduler-0.16.2.tgz"
    integrity sha512-hppQEBDmlwhFAXKJX2KnWLYu5yMfi91yazPb2l+lbJiwW+wdo1gNeRA+3RgNSO39WYX2euey41KEwnqesU2Jew==
  
  abstract-leveldown@^6.2.1:
    version "6.3.0"
    resolved "https://registry.npmjs.org/abstract-leveldown/-/abstract-leveldown-6.3.0.tgz"
    integrity sha512-TU5nlYgta8YrBMNpc9FwQzRbiXsj49gsALsXadbGHt9CROPzX5fB0rWDR5mtdpOOKa5XqRFpbj1QroPAoPzVjQ==
    dependencies:
      buffer "^5.5.0"
      immediate "^3.2.3"
      level-concat-iterator "~2.0.0"
      level-supports "~1.0.0"
      xtend "~4.0.0"
  
  abstract-leveldown@~6.2.1, abstract-leveldown@~6.2.3:
    version "6.2.3"
    resolved "https://registry.npmjs.org/abstract-leveldown/-/abstract-leveldown-6.2.3.tgz"
    integrity sha512-BsLm5vFMRUrrLeCcRc+G0t2qOaTzpoJQLOubq2XM72eNpjF5UdU5o/5NvlNhx95XHcAvcl8OMXr4mlg/fRgUXQ==
    dependencies:
      buffer "^5.5.0"
      immediate "^3.2.3"
      level-concat-iterator "~2.0.0"
      level-supports "~1.0.0"
      xtend "~4.0.0"
  
  ajv@^6.12.3, ajv@^6.7.0:
    version "6.12.6"
    resolved "https://registry.npmjs.org/ajv/-/ajv-6.12.6.tgz"
    integrity sha512-j3fVLgvTo527anyYyJOGTYJbG+vnnQYvE0m5mmkc1TK+nxAppkCLMIL0aZ4dblVCNoGShhm+kzE4ZUykBoMg4g==
    dependencies:
      fast-deep-equal "^3.1.1"
      fast-json-stable-stringify "^2.0.0"
      json-schema-traverse "^0.4.1"
      uri-js "^4.2.2"
  
  async-limiter@~1.0.0:
    version "1.0.1"
    resolved "https://registry.npmjs.org/async-limiter/-/async-limiter-1.0.1.tgz"
    integrity sha512-csOlWGAcRFJaI6m+F2WKdnMKr4HhdhFVBk0H/QbJFMCr+uO2kwohwXQPxw/9OCxp05r5ghVBFSyioixx3gfkNQ==
  
  balanced-match@^1.0.0:
    version "1.0.2"
    resolved "https://registry.npmjs.org/balanced-match/-/balanced-match-1.0.2.tgz"
    integrity sha512-3oSeUO0TMV67hN1AmbXsK4yaqU7tjiHlbxRDZOpH0KW9+CeX4bRAaX0Anxt0tx2MrpRpWwQaPwIlISEJhYU5Pw==
  
  base64-js@^1.3.1:
    version "1.5.1"
    resolved "https://registry.npmjs.org/base64-js/-/base64-js-1.5.1.tgz"
    integrity sha512-AKpaYlHn8t4SVbOHCy+b5+KKgvR4vrsD8vbvrbiQJps7fKDTkjkDry6ji0rUJjC0kzbNePLwzxq8iypo41qeWA==
  
  brace-expansion@^1.1.7:
    version "1.1.11"
    resolved "https://registry.npmjs.org/brace-expansion/-/brace-expansion-1.1.11.tgz"
    integrity sha512-iCuPHDFgrHX7H2vEI/5xpz07zSHB00TpugqhmYtVmMO6518mCuRMoOYFldEBl0g187ufozdaHgWKcYFb61qGiA==
    dependencies:
      balanced-match "^1.0.0"
      concat-map "0.0.1"
  
  buffer@^5.5.0, buffer@^5.6.0:
    version "5.7.1"
    resolved "https://registry.npmjs.org/buffer/-/buffer-5.7.1.tgz"
    integrity sha512-EHcyIPBQ4BSGlvjB16k5KgAJ27CIsHY/2JBmCRReo48y9rQ3MaUzWX3KVlBa4U7MyX02HdVj0K7C3WaB3ju7FQ==
    dependencies:
      base64-js "^1.3.1"
      ieee754 "^1.1.13"
  
  call-bind@^1.0.2:
    version "1.0.2"
    resolved "https://registry.npmjs.org/call-bind/-/call-bind-1.0.2.tgz"
    integrity sha512-7O+FbCihrB5WGbFYesctwmTKae6rOiIzmz1icreWJ+0aA7LJfuqhEso2T9ncpcFtzMQtzXf2QGGueWJGTYsqrA==
    dependencies:
      function-bind "^1.1.1"
      get-intrinsic "^1.0.2"
  
  classnames@^2.2:
    version "2.3.1"
    resolved "https://registry.npmjs.org/classnames/-/classnames-2.3.1.tgz"
    integrity sha512-OlQdbZ7gLfGarSqxesMesDa5uz7KFbID8Kpq/SxIoNGDqY8lSYs0D+hhtBXhcdB3rcbXArFr7vlHheLk1voeNA==
  
  codemirror@~5.61.0:
    version "5.61.1"
    resolved "https://registry.npmjs.org/codemirror/-/codemirror-5.61.1.tgz"
    integrity sha512-+D1NZjAucuzE93vJGbAaXzvoBHwp9nJZWWWF9utjv25+5AZUiah6CIlfb4ikG4MoDsFsCG8niiJH5++OO2LgIQ==
  
  compute-gcd@^1.2.1:
    version "1.2.1"
    resolved "https://registry.npmjs.org/compute-gcd/-/compute-gcd-1.2.1.tgz"
    integrity sha512-TwMbxBNz0l71+8Sc4czv13h4kEqnchV9igQZBi6QUaz09dnz13juGnnaWWJTRsP3brxOoxeB4SA2WELLw1hCtg==
    dependencies:
      validate.io-array "^1.0.3"
      validate.io-function "^1.0.2"
      validate.io-integer-array "^1.0.0"
  
  compute-lcm@^1.1.0:
    version "1.1.2"
    resolved "https://registry.npmjs.org/compute-lcm/-/compute-lcm-1.1.2.tgz"
    integrity sha512-OFNPdQAXnQhDSKioX8/XYT6sdUlXwpeMjfd6ApxMJfyZ4GxmLR1xvMERctlYhlHwIiz6CSpBc2+qYKjHGZw4TQ==
    dependencies:
      compute-gcd "^1.2.1"
      validate.io-array "^1.0.3"
      validate.io-function "^1.0.2"
      validate.io-integer-array "^1.0.0"
  
  concat-map@0.0.1:
    version "0.0.1"
    resolved "https://registry.npmjs.org/concat-map/-/concat-map-0.0.1.tgz"
    integrity sha512-/Srv4dswyQNBfohGpz9o6Yb3Gz3SrUDqBH5rTuhGR7ahtlbYKnVxw2bCFMRljaA7EXHaXZ8wsHdodFvbkhKmqg==
  
  core-js-pure@^3.6.5:
    version "3.23.3"
    resolved "https://registry.npmjs.org/core-js-pure/-/core-js-pure-3.23.3.tgz"
    integrity sha512-XpoouuqIj4P+GWtdyV8ZO3/u4KftkeDVMfvp+308eGMhCrA3lVDSmAxO0c6GGOcmgVlaKDrgWVMo49h2ab/TDA==
  
  csstype@3.0.10:
    version "3.0.10"
    resolved "https://registry.npmjs.org/csstype/-/csstype-3.0.10.tgz"
    integrity sha512-2u44ZG2OcNUO9HDp/Jl8C07x6pU/eTR3ncV91SiK3dhG9TWvRVsCoJw14Ckx5DgWkzGA3waZWO3d7pgqpUI/XA==
  
  csstype@^3.0.2:
    version "3.1.0"
    resolved "https://registry.npmjs.org/csstype/-/csstype-3.1.0.tgz"
    integrity sha512-uX1KG+x9h5hIJsaKR9xHUeUraxf8IODOwq9JLNPq6BwB04a/xgpq3rcx47l5BZu5zBPlgD342tdke3Hom/nJRA==
  
  csstype@~3.0.3:
    version "3.0.11"
    resolved "https://registry.npmjs.org/csstype/-/csstype-3.0.11.tgz"
    integrity sha512-sa6P2wJ+CAbgyy4KFssIb/JNMLxFvKF1pCYCSXS8ZMuqZnMsrxqI2E5sPyoTpxoPU/gVZMzr2zjOfg8GIZOMsw==
  
  deep-equal@^1.1.1:
    version "1.1.1"
    resolved "https://registry.npmjs.org/deep-equal/-/deep-equal-1.1.1.tgz"
    integrity sha512-yd9c5AdiqVcR+JjcwUQb9DkhJc8ngNr0MahEBGvDiJw8puWab2yZlh+nkasOnZP+EGTAP6rRp2JzJhJZzvNF8g==
    dependencies:
      is-arguments "^1.0.4"
      is-date-object "^1.0.1"
      is-regex "^1.0.4"
      object-is "^1.0.1"
      object-keys "^1.1.1"
      regexp.prototype.flags "^1.2.0"
  
  deepmerge@^4.2.2:
    version "4.2.2"
    resolved "https://registry.npmjs.org/deepmerge/-/deepmerge-4.2.2.tgz"
    integrity sha512-FJ3UgI4gIl+PHZm53knsuSFpE+nESMr7M4v9QcgB7S63Kj/6WqMiFQJpBBYz1Pt+66bZpP3Q7Lye0Oo9MPKEdg==
  
  deferred-leveldown@~5.3.0:
    version "5.3.0"
    resolved "https://registry.npmjs.org/deferred-leveldown/-/deferred-leveldown-5.3.0.tgz"
    integrity sha512-a59VOT+oDy7vtAbLRCZwWgxu2BaCfd5Hk7wxJd48ei7I+nsg8Orlb9CLG0PMZienk9BSUKgeAqkO2+Lw+1+Ukw==
    dependencies:
      abstract-leveldown "~6.2.1"
      inherits "^2.0.3"
  
  define-properties@^1.1.3:
    version "1.1.4"
    resolved "https://registry.npmjs.org/define-properties/-/define-properties-1.1.4.tgz"
    integrity sha512-uckOqKcfaVvtBdsVkdPv3XjveQJsNQqmhXgRi8uhvWWuPYZCNlzT8qAyblUgNoXdHdjMTzAqeGjAoli8f+bzPA==
    dependencies:
      has-property-descriptors "^1.0.0"
      object-keys "^1.1.1"
  
  dom-helpers@^3.4.0:
    version "3.4.0"
    resolved "https://registry.npmjs.org/dom-helpers/-/dom-helpers-3.4.0.tgz"
    integrity sha512-LnuPJ+dwqKDIyotW1VzmOZ5TONUN7CwkCR5hrgawTUbkBGYdeoNLZo6nNfGkCrjtE1nXXaj7iMMpDa8/d9WoIA==
    dependencies:
      "@babel/runtime" "^7.1.2"
  
  dom-serializer@^1.0.1:
    version "1.4.1"
    resolved "https://registry.npmjs.org/dom-serializer/-/dom-serializer-1.4.1.tgz"
    integrity sha512-VHwB3KfrcOOkelEG2ZOfxqLZdfkil8PtJi4P8N2MMXucZq2yLp75ClViUlOVwyoHEDjYU433Aq+5zWP61+RGag==
    dependencies:
      domelementtype "^2.0.1"
      domhandler "^4.2.0"
      entities "^2.0.0"
  
  dom4@^2.1.5:
    version "2.1.6"
    resolved "https://registry.npmjs.org/dom4/-/dom4-2.1.6.tgz"
    integrity sha512-JkCVGnN4ofKGbjf5Uvc8mmxaATIErKQKSgACdBXpsQ3fY6DlIpAyWfiBSrGkttATssbDCp3psiAKWXk5gmjycA==
  
  domelementtype@^2.0.1, domelementtype@^2.2.0:
    version "2.3.0"
    resolved "https://registry.npmjs.org/domelementtype/-/domelementtype-2.3.0.tgz"
    integrity sha512-OLETBj6w0OsagBwdXnPdN0cnMfF9opN69co+7ZrbfPGrdpPVNBUj02spi6B1N7wChLQiPn4CSH/zJvXw56gmHw==
  
  domhandler@^4.0.0, domhandler@^4.2.0:
    version "4.3.1"
    resolved "https://registry.npmjs.org/domhandler/-/domhandler-4.3.1.tgz"
    integrity sha512-GrwoxYN+uWlzO8uhUXRl0P+kHE4GtVPfYzVLcUxPL7KNdHKj66vvlhiweIHqYYXWlw+T8iLMp42Lm67ghw4WMQ==
    dependencies:
      domelementtype "^2.2.0"
  
  domutils@^2.5.2:
    version "2.8.0"
    resolved "https://registry.npmjs.org/domutils/-/domutils-2.8.0.tgz"
    integrity sha512-w96Cjofp72M5IIhpjgobBimYEfoPjx1Vx0BSX9P30WBdZW2WIKU0T1Bd0kz2eNZ9ikjKgHbEyKx8BB6H1L3h3A==
    dependencies:
      dom-serializer "^1.0.1"
      domelementtype "^2.2.0"
      domhandler "^4.2.0"
  
  encoding-down@^6.3.0:
    version "6.3.0"
    resolved "https://registry.npmjs.org/encoding-down/-/encoding-down-6.3.0.tgz"
    integrity sha512-QKrV0iKR6MZVJV08QY0wp1e7vF6QbhnbQhb07bwpEyuz4uZiZgPlEGdkCROuFkUwdxlFaiPIhjyarH1ee/3vhw==
    dependencies:
      abstract-leveldown "^6.2.1"
      inherits "^2.0.3"
      level-codec "^9.0.0"
      level-errors "^2.0.0"
  
  entities@^2.0.0:
    version "2.2.0"
    resolved "https://registry.npmjs.org/entities/-/entities-2.2.0.tgz"
    integrity sha512-p92if5Nz619I0w+akJrLZH0MX0Pb5DX39XOwQTtXSdQQOaYH03S1uIQp4mhOZtAXrxq4ViO67YTiLBo2638o9A==
  
  errno@~0.1.1:
    version "0.1.8"
    resolved "https://registry.npmjs.org/errno/-/errno-0.1.8.tgz"
    integrity sha512-dJ6oBr5SQ1VSd9qkk7ByRgb/1SH4JZjCHSW/mr63/QcXO9zLVxvJ6Oy13nio03rxpSnVDDjFor75SjVeZWPW/A==
    dependencies:
      prr "~1.0.1"
  
  escape-string-regexp@^4.0.0:
    version "4.0.0"
    resolved "https://registry.npmjs.org/escape-string-regexp/-/escape-string-regexp-4.0.0.tgz"
    integrity sha512-TtpcNJ3XAzx3Gq8sWRzJaVajRs0uVxA2YAkdb1jm2YkPz4G6egUFAyA3n5vtEIZefPk5Wa4UXbKuS5fKkJWdgA==
  
  fast-deep-equal@^3.1.1:
    version "3.1.3"
    resolved "https://registry.npmjs.org/fast-deep-equal/-/fast-deep-equal-3.1.3.tgz"
    integrity sha512-f3qQ9oQy9j2AhBe/H9VC91wLmKBCCU/gDOnKNAYG5hswO7BLKj09Hc5HYNz9cGI++xlpDCIgDaitVs03ATR84Q==
  
  fast-json-stable-stringify@^2.0.0:
    version "2.1.0"
    resolved "https://registry.npmjs.org/fast-json-stable-stringify/-/fast-json-stable-stringify-2.1.0.tgz"
    integrity sha512-lhd/wF+Lk98HZoTCtlVraHtfh5XYijIjalXck7saUtuanSDyLMxnHhSXEDJqHxD7msR8D0uCmqlkwjCV8xvwHw==
  
  free-style@3.1.0:
    version "3.1.0"
    resolved "https://registry.npmjs.org/free-style/-/free-style-3.1.0.tgz"
    integrity sha512-vJujYSIyT30iDoaoeigNAxX4yB1RUrh+N2ZMhIElMr3BvCuGXOw7XNJMEEJkDUeamK2Rnb/IKFGKRKlTWIGRWA==
  
  fs.realpath@^1.0.0:
    version "1.0.0"
    resolved "https://registry.npmjs.org/fs.realpath/-/fs.realpath-1.0.0.tgz"
    integrity sha512-OO0pH2lK6a0hZnAdau5ItzHPI6pUlvI7jMVnxUQRtw4owF2wk8lOSabtGDCTP4Ggrg2MbGnWO9X8K1t4+fGMDw==
  
  function-bind@^1.1.1:
    version "1.1.1"
    resolved "https://registry.npmjs.org/function-bind/-/function-bind-1.1.1.tgz"
    integrity sha512-yIovAzMX49sF8Yl58fSCWJ5svSLuaibPxXQJFLmBObTuCr0Mf1KiPopGM9NiFjiYBCbfaa2Fh6breQ6ANVTI0A==
  
  functions-have-names@^1.2.2:
    version "1.2.3"
    resolved "https://registry.npmjs.org/functions-have-names/-/functions-have-names-1.2.3.tgz"
    integrity sha512-xckBUXyTIqT97tq2x2AMb+g163b5JFysYk0x4qxNFwbfQkmNZoiRHb6sPzI9/QV33WeuvVYBUIiD4NzNIyqaRQ==
  
  get-intrinsic@^1.0.2, get-intrinsic@^1.1.1:
    version "1.1.2"
    resolved "https://registry.npmjs.org/get-intrinsic/-/get-intrinsic-1.1.2.tgz"
    integrity sha512-Jfm3OyCxHh9DJyc28qGk+JmfkpO41A4XkneDSujN9MDXrm4oDKdHvndhZ2dN94+ERNfkYJWDclW6k2L/ZGHjXA==
    dependencies:
      function-bind "^1.1.1"
      has "^1.0.3"
      has-symbols "^1.0.3"
  
  glob@^7.1.3:
    version "7.2.3"
    resolved "https://registry.npmjs.org/glob/-/glob-7.2.3.tgz"
    integrity sha512-nFR0zLpU2YCaRxwoCJvL6UvCH2JFyFVIvwTLsIf21AuHlMskA1hhTdk+LlYJtOlYt9v6dvszD2BGRqBL+iQK9Q==
    dependencies:
      fs.realpath "^1.0.0"
      inflight "^1.0.4"
      inherits "2"
      minimatch "^3.1.1"
      once "^1.3.0"
      path-is-absolute "^1.0.0"
  
  gud@^1.0.0:
    version "1.0.0"
    resolved "https://registry.npmjs.org/gud/-/gud-1.0.0.tgz"
    integrity sha512-zGEOVKFM5sVPPrYs7J5/hYEw2Pof8KCyOwyhG8sAF26mCAeUFAcYPu1mwB7hhpIP29zOIBaDqwuHdLp0jvZXjw==
  
  has-property-descriptors@^1.0.0:
    version "1.0.0"
    resolved "https://registry.npmjs.org/has-property-descriptors/-/has-property-descriptors-1.0.0.tgz"
    integrity sha512-62DVLZGoiEBDHQyqG4w9xCuZ7eJEwNmJRWw2VY84Oedb7WFcA27fiEVe8oUQx9hAUJ4ekurquucTGwsyO1XGdQ==
    dependencies:
      get-intrinsic "^1.1.1"
  
  has-symbols@^1.0.2, has-symbols@^1.0.3:
    version "1.0.3"
    resolved "https://registry.npmjs.org/has-symbols/-/has-symbols-1.0.3.tgz"
    integrity sha512-l3LCuF6MgDNwTDKkdYGEihYjt5pRPbEg46rtlmnSPlUbgmB8LOIrKJbYYFBSbnPaJexMKtiPO8hmeRjRz2Td+A==
  
  has-tostringtag@^1.0.0:
    version "1.0.0"
    resolved "https://registry.npmjs.org/has-tostringtag/-/has-tostringtag-1.0.0.tgz"
    integrity sha512-kFjcSNhnlGV1kyoGk7OXKSawH5JOb/LzUc5w9B02hOTO0dfFRjbHQKvg1d6cf3HbeUmtU9VbbV3qzZ2Teh97WQ==
    dependencies:
      has-symbols "^1.0.2"
  
  has@^1.0.3:
    version "1.0.3"
    resolved "https://registry.npmjs.org/has/-/has-1.0.3.tgz"
    integrity sha512-f2dvO0VU6Oej7RkWJGrehjbzMAjFp5/VKPp5tTpWIV4JHHZK1/BxbFRtf/siA2SWTe09caDmVtYYzWEIbBS4zw==
    dependencies:
      function-bind "^1.1.1"
  
  htmlparser2@^6.0.0:
    version "6.1.0"
    resolved "https://registry.npmjs.org/htmlparser2/-/htmlparser2-6.1.0.tgz"
    integrity sha512-gyyPk6rgonLFEDGoeRgQNaEUvdJ4ktTmmUh/h2t7s+M8oPpIPxgNACWa+6ESR57kXstwqPiCut0V8NRpcwgU7A==
    dependencies:
      domelementtype "^2.0.1"
      domhandler "^4.0.0"
      domutils "^2.5.2"
      entities "^2.0.0"
  
  ieee754@^1.1.13:
    version "1.2.1"
    resolved "https://registry.npmjs.org/ieee754/-/ieee754-1.2.1.tgz"
    integrity sha512-dcyqhDvX1C46lXZcVqCpK+FtMRQVdIMN6/Df5js2zouUsqG7I6sFxitIC+7KYK29KdXOLHdu9zL4sFnoVQnqaA==
  
  immediate@^3.2.3:
    version "3.3.0"
    resolved "https://registry.npmjs.org/immediate/-/immediate-3.3.0.tgz"
    integrity sha512-HR7EVodfFUdQCTIeySw+WDRFJlPcLOJbXfwwZ7Oom6tjsvZ3bOkCDJHehQC3nxJrv7+f9XecwazynjU8e4Vw3Q==
  
  inflight@^1.0.4:
    version "1.0.6"
    resolved "https://registry.npmjs.org/inflight/-/inflight-1.0.6.tgz"
    integrity sha512-k92I/b08q4wvFscXCLvqfsHCrjrF7yiXsQuIVvVE7N82W3+aqpzuUdBbfhWcy/FZR3/4IgflMgKLOsvPDrGCJA==
    dependencies:
      once "^1.3.0"
      wrappy "1"
  
  inherits@2, inherits@^2.0.3, inherits@^2.0.4:
    version "2.0.4"
    resolved "https://registry.npmjs.org/inherits/-/inherits-2.0.4.tgz"
    integrity sha512-k/vGaX4/Yla3WzyMCvTQOXYeIHvqOKtnqBduzTHpzpQZzAskKMhZ2K+EnBiSM9zGSoIFeMpXKxa4dYeZIQqewQ==
  
  is-arguments@^1.0.4:
    version "1.1.1"
    resolved "https://registry.npmjs.org/is-arguments/-/is-arguments-1.1.1.tgz"
    integrity sha512-8Q7EARjzEnKpt/PCD7e1cgUS0a6X8u5tdSiMqXhojOdoV9TsMsiO+9VLC5vAmO8N7/GmXn7yjR8qnA6bVAEzfA==
    dependencies:
      call-bind "^1.0.2"
      has-tostringtag "^1.0.0"
  
  is-date-object@^1.0.1:
    version "1.0.5"
    resolved "https://registry.npmjs.org/is-date-object/-/is-date-object-1.0.5.tgz"
    integrity sha512-9YQaSxsAiSwcvS33MBk3wTCVnWK+HhF8VZR2jRxehM16QcVOdHqPn4VPHmRK4lSr38n9JriurInLcP90xsYNfQ==
    dependencies:
      has-tostringtag "^1.0.0"
  
  is-plain-object@^5.0.0:
    version "5.0.0"
    resolved "https://registry.npmjs.org/is-plain-object/-/is-plain-object-5.0.0.tgz"
    integrity sha512-VRSzKkbMm5jMDoKLbltAkFQ5Qr7VDiTFGXxYFXXowVj387GeGNOCsOH6Msy00SGZ3Fp84b1Naa1psqgcCIEP5Q==
  
  is-regex@^1.0.4:
    version "1.1.4"
    resolved "https://registry.npmjs.org/is-regex/-/is-regex-1.1.4.tgz"
    integrity sha512-kvRdxDsxZjhzUX07ZnLydzS1TU/TJlTUHHY4YLL87e37oUA49DfkLqgy+VjFocowy29cKvcSiu+kIv728jTTVg==
    dependencies:
      call-bind "^1.0.2"
      has-tostringtag "^1.0.0"
  
  isomorphic.js@^0.2.4:
    version "0.2.5"
    resolved "https://registry.npmjs.org/isomorphic.js/-/isomorphic.js-0.2.5.tgz"
    integrity sha512-PIeMbHqMt4DnUP3MA/Flc0HElYjMXArsw1qwJZcm9sqR8mq3l8NYizFMty0pWwE/tzIGH3EKK5+jes5mAr85yw==
  
  "js-tokens@^3.0.0 || ^4.0.0":
    version "4.0.0"
    resolved "https://registry.npmjs.org/js-tokens/-/js-tokens-4.0.0.tgz"
    integrity sha512-RdJUflcE3cUzKiMqQgsCu06FPu9UdIJO0beYbPhHN4k6apgJtifcoCtT9bcxOpYBtpD2kCM6Sbzg4CausW/PKQ==
  
  json-schema-compare@^0.2.2:
    version "0.2.2"
    resolved "https://registry.npmjs.org/json-schema-compare/-/json-schema-compare-0.2.2.tgz"
    integrity sha512-c4WYmDKyJXhs7WWvAWm3uIYnfyWFoIp+JEoX34rctVvEkMYCPGhXtvmFFXiffBbxfZsvQ0RNnV5H7GvDF5HCqQ==
    dependencies:
      lodash "^4.17.4"
  
  json-schema-merge-allof@^0.6.0:
    version "0.6.0"
    resolved "https://registry.npmjs.org/json-schema-merge-allof/-/json-schema-merge-allof-0.6.0.tgz"
    integrity sha512-LEw4VMQVRceOPLuGRWcxW5orTTiR9ZAtqTAe4rQUjNADTeR81bezBVFa0MqIwp0YmHIM1KkhSjZM7o+IQhaPbQ==
    dependencies:
      compute-lcm "^1.1.0"
      json-schema-compare "^0.2.2"
      lodash "^4.17.4"
  
  json-schema-traverse@^0.4.1:
    version "0.4.1"
    resolved "https://registry.npmjs.org/json-schema-traverse/-/json-schema-traverse-0.4.1.tgz"
    integrity sha512-xbbCH5dCYU5T8LcEhhuh7HJ88HXuW3qsI3Y0zOZFKfZEHcpWiHU/Jxzk629Brsab/mMiHQti9wMP+845RPe3Vg==
  
  json5@^2.1.1:
    version "2.2.1"
    resolved "https://registry.npmjs.org/json5/-/json5-2.2.1.tgz"
    integrity sha512-1hqLFMSrGHRHxav9q9gNjJ5EXznIxGVO09xQRrwplcS8qs28pZ8s8hupZAmqDwZUmVZ2Qb2jnyPOWcDH8m8dlA==
  
  jsonpointer@^5.0.0:
    version "5.0.0"
    resolved "https://registry.npmjs.org/jsonpointer/-/jsonpointer-5.0.0.tgz"
    integrity sha512-PNYZIdMjVIvVgDSYKTT63Y+KZ6IZvGRNNWcxwD+GNnUz1MKPfv30J8ueCjdwcN0nDx2SlshgyB7Oy0epAzVRRg==
  
  level-codec@^9.0.0:
    version "9.0.2"
    resolved "https://registry.npmjs.org/level-codec/-/level-codec-9.0.2.tgz"
    integrity sha512-UyIwNb1lJBChJnGfjmO0OR+ezh2iVu1Kas3nvBS/BzGnx79dv6g7unpKIDNPMhfdTEGoc7mC8uAu51XEtX+FHQ==
    dependencies:
      buffer "^5.6.0"
  
  level-concat-iterator@~2.0.0:
    version "2.0.1"
    resolved "https://registry.npmjs.org/level-concat-iterator/-/level-concat-iterator-2.0.1.tgz"
    integrity sha512-OTKKOqeav2QWcERMJR7IS9CUo1sHnke2C0gkSmcR7QuEtFNLLzHQAvnMw8ykvEcv0Qtkg0p7FOwP1v9e5Smdcw==
  
  level-errors@^2.0.0, level-errors@~2.0.0:
    version "2.0.1"
    resolved "https://registry.npmjs.org/level-errors/-/level-errors-2.0.1.tgz"
    integrity sha512-UVprBJXite4gPS+3VznfgDSU8PTRuVX0NXwoWW50KLxd2yw4Y1t2JUR5In1itQnudZqRMT9DlAM3Q//9NCjCFw==
    dependencies:
      errno "~0.1.1"
  
  level-iterator-stream@~4.0.0:
    version "4.0.2"
    resolved "https://registry.npmjs.org/level-iterator-stream/-/level-iterator-stream-4.0.2.tgz"
    integrity sha512-ZSthfEqzGSOMWoUGhTXdX9jv26d32XJuHz/5YnuHZzH6wldfWMOVwI9TBtKcya4BKTyTt3XVA0A3cF3q5CY30Q==
    dependencies:
      inherits "^2.0.4"
      readable-stream "^3.4.0"
      xtend "^4.0.2"
  
  level-js@^5.0.0:
    version "5.0.2"
    resolved "https://registry.npmjs.org/level-js/-/level-js-5.0.2.tgz"
    integrity sha512-SnBIDo2pdO5VXh02ZmtAyPP6/+6YTJg2ibLtl9C34pWvmtMEmRTWpra+qO/hifkUtBTOtfx6S9vLDjBsBK4gRg==
    dependencies:
      abstract-leveldown "~6.2.3"
      buffer "^5.5.0"
      inherits "^2.0.3"
      ltgt "^2.1.2"
  
  level-packager@^5.1.0:
    version "5.1.1"
    resolved "https://registry.npmjs.org/level-packager/-/level-packager-5.1.1.tgz"
    integrity sha512-HMwMaQPlTC1IlcwT3+swhqf/NUO+ZhXVz6TY1zZIIZlIR0YSn8GtAAWmIvKjNY16ZkEg/JcpAuQskxsXqC0yOQ==
    dependencies:
      encoding-down "^6.3.0"
      levelup "^4.3.2"
  
  level-supports@~1.0.0:
    version "1.0.1"
    resolved "https://registry.npmjs.org/level-supports/-/level-supports-1.0.1.tgz"
    integrity sha512-rXM7GYnW8gsl1vedTJIbzOrRv85c/2uCMpiiCzO2fndd06U/kUXEEU9evYn4zFggBOg36IsBW8LzqIpETwwQzg==
    dependencies:
      xtend "^4.0.2"
  
  level@^6.0.1:
    version "6.0.1"
    resolved "https://registry.npmjs.org/level/-/level-6.0.1.tgz"
    integrity sha512-psRSqJZCsC/irNhfHzrVZbmPYXDcEYhA5TVNwr+V92jF44rbf86hqGp8fiT702FyiArScYIlPSBTDUASCVNSpw==
    dependencies:
      level-js "^5.0.0"
      level-packager "^5.1.0"
      leveldown "^5.4.0"
  
  leveldown@^5.4.0:
    version "5.6.0"
    resolved "https://registry.npmjs.org/leveldown/-/leveldown-5.6.0.tgz"
    integrity sha512-iB8O/7Db9lPaITU1aA2txU/cBEXAt4vWwKQRrrWuS6XDgbP4QZGj9BL2aNbwb002atoQ/lIotJkfyzz+ygQnUQ==
    dependencies:
      abstract-leveldown "~6.2.1"
      napi-macros "~2.0.0"
      node-gyp-build "~4.1.0"
  
  levelup@^4.3.2:
    version "4.4.0"
    resolved "https://registry.npmjs.org/levelup/-/levelup-4.4.0.tgz"
    integrity sha512-94++VFO3qN95cM/d6eBXvd894oJE0w3cInq9USsyQzzoJxmiYzPAocNcuGCPGGjoXqDVJcr3C1jzt1TSjyaiLQ==
    dependencies:
      deferred-leveldown "~5.3.0"
      level-errors "~2.0.0"
      level-iterator-stream "~4.0.0"
      level-supports "~1.0.0"
      xtend "~4.0.0"
  
  lib0@^0.2.31, lib0@^0.2.42, lib0@^0.2.49:
    version "0.2.51"
    resolved "https://registry.npmjs.org/lib0/-/lib0-0.2.51.tgz"
    integrity sha512-05Erb3465CxJa38LQlMz4EbetNvRna1S3BzqEjC0/pmp5cQuQSfNNmeS0722Wev1dRlMUp2Cql0gQ55krSXf2Q==
    dependencies:
      isomorphic.js "^0.2.4"
  
  lodash.debounce@^4.0.8:
    version "4.0.8"
    resolved "https://registry.npmjs.org/lodash.debounce/-/lodash.debounce-4.0.8.tgz"
    integrity sha512-FT1yDzDYEoYWhnSGnpE/4Kj1fLZkDFyqRb7fNt6FdYOSxlUWAtp42Eh6Wb0rGIv/m9Bgo7x4GhQbm5Ys4SG5ow==
  
  lodash.escape@^4.0.1:
    version "4.0.1"
    resolved "https://registry.npmjs.org/lodash.escape/-/lodash.escape-4.0.1.tgz"
    integrity sha512-nXEOnb/jK9g0DYMr1/Xvq6l5xMD7GDG55+GSYIYmS0G4tBk/hURD4JR9WCavs04t33WmJx9kCyp9vJ+mr4BOUw==
  
  lodash@^4.17.15, lodash@^4.17.4:
    version "4.17.21"
    resolved "https://registry.npmjs.org/lodash/-/lodash-4.17.21.tgz"
    integrity sha512-v2kDEe57lecTulaDIuNTPy3Ry4gLGJ6Z1O3vE1krgXZNrsQ+LFTGHVxVjcXPs17LhbZVGedAJv8XZ1tvj5FvSg==
  
  loose-envify@^1.0.0, loose-envify@^1.1.0, loose-envify@^1.4.0:
    version "1.4.0"
    resolved "https://registry.npmjs.org/loose-envify/-/loose-envify-1.4.0.tgz"
    integrity sha512-lyuxPGr/Wfhrlem2CL/UcnUc1zcqKAImBDzukY7Y5F/yQiNdko6+fRLevlw1HgMySw7f611UIY408EtxRSoK3Q==
    dependencies:
      js-tokens "^3.0.0 || ^4.0.0"
  
  ltgt@^2.1.2:
    version "2.2.1"
    resolved "https://registry.npmjs.org/ltgt/-/ltgt-2.2.1.tgz"
    integrity sha512-AI2r85+4MquTw9ZYqabu4nMwy9Oftlfa/e/52t9IjtfG+mGBbTNdAoZ3RQKLHR6r0wQnwZnPIEh/Ya6XTWAKNA==
  
  marked@^4.0.10:
    version "4.0.17"
    resolved "https://registry.npmjs.org/marked/-/marked-4.0.17.tgz"
    integrity sha512-Wfk0ATOK5iPxM4ptrORkFemqroz0ZDxp5MWfYA7H/F+wO17NRWV5Ypxi6p3g2Xmw2bKeiYOl6oVnLHKxBA0VhA==
  
  minimatch@^3.1.1:
    version "3.1.2"
    resolved "https://registry.npmjs.org/minimatch/-/minimatch-3.1.2.tgz"
    integrity sha512-J7p63hRiAjw1NDEww1W7i37+ByIrOWO5XQQAzZ3VOcL0PNybwpfmV/N05zFAzwQ9USyEcX6t3UO+K5aqBQOIHw==
    dependencies:
      brace-expansion "^1.1.7"
  
  minimist@~1.2.0:
    version "1.2.6"
    resolved "https://registry.npmjs.org/minimist/-/minimist-1.2.6.tgz"
    integrity sha512-Jsjnk4bw3YJqYzbdyBiNsPWHPfO++UGG749Cxs6peCu5Xg4nrena6OVxOYxrQTqww0Jmwt+Ref8rggumkTLz9Q==
  
  moment@^2.24.0:
    version "2.29.4"
    resolved "https://registry.npmjs.org/moment/-/moment-2.29.4.tgz"
    integrity sha512-5LC9SOxjSc2HF6vO2CyuTDNivEdoz2IvyJJGj6X8DJ0eFyfszE0QiEd+iXmBvUP3WHxSjFH/vIsA0EN00cgr8w==
  
  nanoid@^3.1.23, nanoid@^3.3.4:
    version "3.3.4"
    resolved "https://registry.npmjs.org/nanoid/-/nanoid-3.3.4.tgz"
    integrity sha512-MqBkQh/OHTS2egovRtLk45wEyNXwF+cokD+1YPf9u5VfJiRdAiRwB2froX5Co9Rh20xs4siNPm8naNotSD6RBw==
  
  napi-macros@~2.0.0:
    version "2.0.0"
    resolved "https://registry.npmjs.org/napi-macros/-/napi-macros-2.0.0.tgz"
    integrity sha512-A0xLykHtARfueITVDernsAWdtIMbOJgKgcluwENp3AlsKN/PloyO10HtmoqnFAQAcxPkgZN7wdfPfEd0zNGxbg==
  
  node-fetch@^2.6.0:
    version "2.6.7"
    resolved "https://registry.npmjs.org/node-fetch/-/node-fetch-2.6.7.tgz"
    integrity sha512-ZjMPFEfVx5j+y2yF35Kzx5sF7kDzxuDj6ziH4FFbOp87zKDZNx8yExJIb05OGF4Nlt9IHFIMBkRl41VdvcNdbQ==
    dependencies:
      whatwg-url "^5.0.0"
  
  node-gyp-build@~4.1.0:
    version "4.1.1"
    resolved "https://registry.npmjs.org/node-gyp-build/-/node-gyp-build-4.1.1.tgz"
    integrity sha512-dSq1xmcPDKPZ2EED2S6zw/b9NKsqzXRE6dVr8TVQnI3FJOTteUMuqF3Qqs6LZg+mLGYJWqQzMbIjMtJqTv87nQ==
  
  normalize.css@^8.0.1:
    version "8.0.1"
    resolved "https://registry.npmjs.org/normalize.css/-/normalize.css-8.0.1.tgz"
    integrity sha512-qizSNPO93t1YUuUhP22btGOo3chcvDFqFaj2TRybP0DMxkHOCTYwp3n34fel4a31ORXy4m1Xq0Gyqpb5m33qIg==
  
  object-assign@^4.1.1:
    version "4.1.1"
    resolved "https://registry.npmjs.org/object-assign/-/object-assign-4.1.1.tgz"
    integrity sha512-rJgTQnkUnH1sFw8yT6VSU3zD3sWmu6sZhIseY8VX+GRu3P6F7Fu+JNDoXfklElbLJSnc3FUQHVe4cU5hj+BcUg==
  
  object-is@^1.0.1:
    version "1.1.5"
    resolved "https://registry.npmjs.org/object-is/-/object-is-1.1.5.tgz"
    integrity sha512-3cyDsyHgtmi7I7DfSSI2LDp6SK2lwvtbg0p0R1e0RvTqF5ceGx+K2dfSjm1bKDMVCFEDAQvy+o8c6a7VujOddw==
    dependencies:
      call-bind "^1.0.2"
      define-properties "^1.1.3"
  
  object-keys@^1.1.1:
    version "1.1.1"
    resolved "https://registry.npmjs.org/object-keys/-/object-keys-1.1.1.tgz"
    integrity sha512-NuAESUOUMrlIXOfHKzD6bpPu3tYt3xvjNdRIQ+FeT0lNb4K8WR70CaDxhuNguS2XG+GjkyMwOzsN5ZktImfhLA==
  
  once@^1.3.0:
    version "1.4.0"
    resolved "https://registry.npmjs.org/once/-/once-1.4.0.tgz"
    integrity sha512-lNaJgI+2Q5URQBkccEKHTQOPaXdUxnZZElQTZY0MFUAuaEqe1E+Nyvgdz/aIyNi6Z9MzO5dv1H8n58/GELp3+w==
    dependencies:
      wrappy "1"
  
  parse-srcset@^1.0.2:
    version "1.0.2"
    resolved "https://registry.npmjs.org/parse-srcset/-/parse-srcset-1.0.2.tgz"
    integrity sha512-/2qh0lav6CmI15FzA3i/2Bzk2zCgQhGMkvhOhKNcBVQ1ldgpbfiNTVslmooUmWJcADi1f1kIeynbDRVzNlfR6Q==
  
  path-browserify@^1.0.0:
    version "1.0.1"
    resolved "https://registry.npmjs.org/path-browserify/-/path-browserify-1.0.1.tgz"
    integrity sha512-b7uo2UCUOYZcnF/3ID0lulOJi/bafxa1xPe7ZPsammBSpjSWQkjNxlt635YGS2MiR9GjvuXCtz2emr3jbsz98g==
  
  path-is-absolute@^1.0.0:
    version "1.0.1"
    resolved "https://registry.npmjs.org/path-is-absolute/-/path-is-absolute-1.0.1.tgz"
    integrity sha512-AVbw3UJ2e9bq64vSaS9Am0fje1Pa8pbGqTTsmXfaIiMpnr5DlDhfJOuLj9Sf95ZPVDAUerDfEk88MPmPe7UCQg==
  
  picocolors@^1.0.0:
    version "1.0.0"
    resolved "https://registry.npmjs.org/picocolors/-/picocolors-1.0.0.tgz"
    integrity sha512-1fygroTLlHu66zi26VoTDv8yRgm0Fccecssto+MhsZ0D/DGW2sm8E8AjW7NU5VVTRt5GxbeZ5qBuJr+HyLYkjQ==
  
  popper.js@^1.14.4, popper.js@^1.16.1:
    version "1.16.1"
    resolved "https://registry.npmjs.org/popper.js/-/popper.js-1.16.1.tgz"
    integrity sha512-Wb4p1J4zyFTbM+u6WuO4XstYx4Ky9Cewe4DWrel7B0w6VVICvPwdOpotjzcf6eD8TsckVnIMNONQyPIUFOUbCQ==
  
  postcss@^8.3.11:
    version "8.4.14"
    resolved "https://registry.npmjs.org/postcss/-/postcss-8.4.14.tgz"
    integrity sha512-E398TUmfAYFPBSdzgeieK2Y1+1cpdxJx8yXbK/m57nRhKSmk1GB2tO4lbLBtlkfPQTDKfe4Xqv1ASWPpayPEig==
    dependencies:
      nanoid "^3.3.4"
      picocolors "^1.0.0"
      source-map-js "^1.0.2"
  
  prop-types@^15.6.1, prop-types@^15.6.2, prop-types@^15.7.2:
    version "15.8.1"
    resolved "https://registry.npmjs.org/prop-types/-/prop-types-15.8.1.tgz"
    integrity sha512-oj87CgZICdulUohogVAR7AjlC0327U4el4L6eAvOqCeudMDVU0NThNaV+b9Df4dXgSP1gXMTnPdhfe/2qDH5cg==
    dependencies:
      loose-envify "^1.4.0"
      object-assign "^4.1.1"
      react-is "^16.13.1"
  
  prr@~1.0.1:
    version "1.0.1"
    resolved "https://registry.npmjs.org/prr/-/prr-1.0.1.tgz"
    integrity sha512-yPw4Sng1gWghHQWj0B3ZggWUm4qVbPwPFcRG8KyxiU7J2OHFSoEHKS+EZ3fv5l1t9CyCiop6l/ZYeWbrgoQejw==
  
  punycode@1.3.2:
    version "1.3.2"
    resolved "https://registry.npmjs.org/punycode/-/punycode-1.3.2.tgz"
    integrity sha512-RofWgt/7fL5wP1Y7fxE7/EmTLzQVnB0ycyibJ0OOHIlJqTNzglYFxVwETOcIoJqJmpDXJ9xImDv+Fq34F/d4Dw==
  
  punycode@^2.1.0:
    version "2.1.1"
    resolved "https://registry.npmjs.org/punycode/-/punycode-2.1.1.tgz"
    integrity sha512-XRsRjdf+j5ml+y/6GKHPZbrF/8p2Yga0JPtdqTIY2Xe5ohJPD9saDJJLPvp9+NSBprVvevdXZybnj2cv8OEd0A==
  
  querystring@0.2.0:
    version "0.2.0"
    resolved "https://registry.npmjs.org/querystring/-/querystring-0.2.0.tgz"
    integrity sha512-X/xY82scca2tau62i9mDyU9K+I+djTMUsvwf7xnUX5GLvVzgJybOJf4Y6o9Zx3oJK/LSXg5tTZBjwzqVPaPO2g==
  
  querystringify@^2.1.1:
    version "2.2.0"
    resolved "https://registry.npmjs.org/querystringify/-/querystringify-2.2.0.tgz"
    integrity sha512-FIqgj2EUvTa7R50u0rGsyTftzjYmv/a3hO345bZNrqabNqjtgiDMgmo4mkUjd+nzU5oF3dClKqFIPUKybUyqoQ==
  
  react-dom@^17.0.1:
    version "17.0.2"
    resolved "https://registry.npmjs.org/react-dom/-/react-dom-17.0.2.tgz"
    integrity sha512-s4h96KtLDUQlsENhMn1ar8t2bEa+q/YAtj8pPPdIjPDGBDIVNsrD9aXNWqspUe6AzKCIG0C1HZZLqLV7qpOBGA==
    dependencies:
      loose-envify "^1.1.0"
      object-assign "^4.1.1"
      scheduler "^0.20.2"
  
  react-is@^16.13.1, react-is@^16.9.0:
    version "16.13.1"
    resolved "https://registry.npmjs.org/react-is/-/react-is-16.13.1.tgz"
    integrity sha512-24e6ynE2H+OKt4kqsOvNd8kBpV65zoxbA4BVsEOB3ARVWQki/DHzaUoC5KuON/BiccDaCCTZBuOcfZs70kR8bQ==
  
  react-lifecycles-compat@^3.0.4:
    version "3.0.4"
    resolved "https://registry.npmjs.org/react-lifecycles-compat/-/react-lifecycles-compat-3.0.4.tgz"
    integrity sha512-fBASbA6LnOU9dOU2eW7aQ8xmYBSXUIWr+UmF9b1efZBazGNO+rcXT/icdKnYm2pTwcRylVUYwW7H1PHfLekVzA==
  
  react-popper@^1.3.7:
    version "1.3.11"
    resolved "https://registry.npmjs.org/react-popper/-/react-popper-1.3.11.tgz"
    integrity sha512-VSA/bS+pSndSF2fiasHK/PTEEAyOpX60+H5EPAjoArr8JGm+oihu4UbrqcEBpQibJxBVCpYyjAX7abJ+7DoYVg==
    dependencies:
      "@babel/runtime" "^7.1.2"
      "@hypnosphi/create-react-context" "^0.3.1"
      deep-equal "^1.1.1"
      popper.js "^1.14.4"
      prop-types "^15.6.1"
      typed-styles "^0.0.7"
      warning "^4.0.2"
  
  react-transition-group@^2.9.0:
    version "2.9.0"
    resolved "https://registry.npmjs.org/react-transition-group/-/react-transition-group-2.9.0.tgz"
    integrity sha512-+HzNTCHpeQyl4MJ/bdE0u6XRMe9+XG/+aL4mCxVN4DnPBQ0/5bfHWPDuOZUzYdMj94daZaZdCCc1Dzt9R/xSSg==
    dependencies:
      dom-helpers "^3.4.0"
      loose-envify "^1.4.0"
      prop-types "^15.6.2"
      react-lifecycles-compat "^3.0.4"
  
  react@^17.0.1:
    version "17.0.2"
    resolved "https://registry.npmjs.org/react/-/react-17.0.2.tgz"
    integrity sha512-gnhPt75i/dq/z3/6q/0asP78D0u592D5L1pd7M8P+dck6Fu/jJeL6iVVK23fptSUZj8Vjf++7wXA8UNclGQcbA==
    dependencies:
      loose-envify "^1.1.0"
      object-assign "^4.1.1"
  
  react@^18.2.0:
    version "18.2.0"
    resolved "https://registry.npmjs.org/react/-/react-18.2.0.tgz"
    integrity sha512-/3IjMdb2L9QbBdWiW5e3P2/npwMBaU9mHCSCUzNln0ZCYbcfTsGbTJrU/kGemdH2IWmB2ioZ+zkxtmq6g09fGQ==
    dependencies:
      loose-envify "^1.1.0"
  
  readable-stream@^3.4.0:
    version "3.6.0"
    resolved "https://registry.npmjs.org/readable-stream/-/readable-stream-3.6.0.tgz"
    integrity sha512-BViHy7LKeTz4oNnkcLJ+lVSL6vpiFeX6/d3oSH8zCW7UxP2onchk+vTGB143xuFjHS3deTgkKoXXymXqymiIdA==
    dependencies:
      inherits "^2.0.3"
      string_decoder "^1.1.1"
      util-deprecate "^1.0.1"
  
  regenerator-runtime@^0.13.4:
    version "0.13.9"
    resolved "https://registry.npmjs.org/regenerator-runtime/-/regenerator-runtime-0.13.9.tgz"
    integrity sha512-p3VT+cOEgxFsRRA9X4lkI1E+k2/CtnKtU4gcxyaCUreilL/vqI6CdZ3wxVUx3UOUg+gnUOQQcRI7BmSI656MYA==
  
  regexp.prototype.flags@^1.2.0:
    version "1.4.3"
    resolved "https://registry.npmjs.org/regexp.prototype.flags/-/regexp.prototype.flags-1.4.3.tgz"
    integrity sha512-fjggEOO3slI6Wvgjwflkc4NFRCTZAu5CnNfBd5qOMYhWdn67nJBBu34/TkD++eeFmd8C9r9jfXJ27+nSiRkSUA==
    dependencies:
      call-bind "^1.0.2"
      define-properties "^1.1.3"
      functions-have-names "^1.2.2"
  
  requires-port@^1.0.0:
    version "1.0.0"
    resolved "https://registry.npmjs.org/requires-port/-/requires-port-1.0.0.tgz"
    integrity sha512-KigOCHcocU3XODJxsu8i/j8T9tzT4adHiecwORRQ0ZZFcp7ahwXuRU1m+yuO90C5ZUyGeGfocHDI14M3L3yDAQ==
  
  rimraf@^2.6.1:
    version "2.7.1"
    resolved "https://registry.npmjs.org/rimraf/-/rimraf-2.7.1.tgz"
    integrity sha512-uWjbaKIK3T1OSVptzX7Nl6PvQ3qAGtKEtVRjRuazjfL3Bx5eI409VZSqgND+4UNnmzLVdPj9FqFJNPqBZFve4w==
    dependencies:
      glob "^7.1.3"
  
  safe-buffer@~5.2.0:
    version "5.2.1"
    resolved "https://registry.npmjs.org/safe-buffer/-/safe-buffer-5.2.1.tgz"
    integrity sha512-rp3So07KcdmmKbGvgaNxQSJr7bGVSVk5S9Eq1F+ppbRo70+YeaDxkw5Dd8NPN+GD6bjnYm2VuPuCXmpuYvmCXQ==
  
  sanitize-html@~2.5.3:
    version "2.5.3"
    resolved "https://registry.npmjs.org/sanitize-html/-/sanitize-html-2.5.3.tgz"
    integrity sha512-DGATXd1fs/Rm287/i5FBKVYSBBUL0iAaztOA1/RFhEs4yqo39/X52i/q/CwsfCUG5cilmXSBmnQmyWfnKhBlOg==
    dependencies:
      deepmerge "^4.2.2"
      escape-string-regexp "^4.0.0"
      htmlparser2 "^6.0.0"
      is-plain-object "^5.0.0"
      parse-srcset "^1.0.2"
      postcss "^8.3.11"
  
  scheduler@^0.20.2:
    version "0.20.2"
    resolved "https://registry.npmjs.org/scheduler/-/scheduler-0.20.2.tgz"
    integrity sha512-2eWfGgAqqWFGqtdMmcL5zCMK1U8KlXv8SQFGglL3CEtd0aDVDWgeF/YoCmvln55m5zSk3J/20hTaSBeSObsQDQ==
    dependencies:
      loose-envify "^1.1.0"
      object-assign "^4.1.1"
  
  source-map-js@^1.0.2:
    version "1.0.2"
    resolved "https://registry.npmjs.org/source-map-js/-/source-map-js-1.0.2.tgz"
    integrity sha512-R0XvVJ9WusLiqTCEiGCmICCMplcCkIwwR11mOSD9CR5u+IXYdiseeEuXCVAjS54zqwkLcPNnmU4OeJ6tUrWhDw==
  
  string_decoder@^1.1.1:
    version "1.3.0"
    resolved "https://registry.npmjs.org/string_decoder/-/string_decoder-1.3.0.tgz"
    integrity sha512-hkRX8U1WjJFd8LsDJ2yQ/wWWxaopEsABU1XfkM8A+j0+85JAGppt16cr1Whg6KIbb4okU6Mql6BOj+uup/wKeA==
    dependencies:
      safe-buffer "~5.2.0"
  
  tr46@~0.0.3:
    version "0.0.3"
    resolved "https://registry.npmjs.org/tr46/-/tr46-0.0.3.tgz"
    integrity sha512-N3WMsuqV66lT30CrXNbEjx4GEwlow3v6rr4mCcv6prnfwhS01rkgyFdjPNBYd9br7LpXV1+Emh01fHnq2Gdgrw==
  
  tslib@~2.3.1:
    version "2.3.1"
    resolved "https://registry.npmjs.org/tslib/-/tslib-2.3.1.tgz"
    integrity sha512-77EbyPPpMz+FRFRuAFlWMtmgUWGe9UOG2Z25NqCwiIjRhOf5iKGuzSe5P2w1laq+FkRy4p+PCuVkJSGkzTEKVw==
  
  typed-styles@^0.0.7:
    version "0.0.7"
    resolved "https://registry.npmjs.org/typed-styles/-/typed-styles-0.0.7.tgz"
    integrity sha512-pzP0PWoZUhsECYjABgCGQlRGL1n7tOHsgwYv3oIiEpJwGhFTuty/YNeduxQYzXXa3Ge5BdT6sHYIQYpl4uJ+5Q==
  
  typescript@~3.5.2:
    version "3.5.3"
    resolved "https://registry.npmjs.org/typescript/-/typescript-3.5.3.tgz"
    integrity sha512-ACzBtm/PhXBDId6a6sDJfroT2pOWt/oOnk4/dElG5G33ZL776N3Y6/6bKZJBFpd+b05F3Ct9qDjMeJmRWtE2/g==
  
  typestyle@^2.0.4:
    version "2.3.0"
    resolved "https://registry.npmjs.org/typestyle/-/typestyle-2.3.0.tgz"
    integrity sha512-JZd1R5cWxRvwXzPAKVFsbxO/QjDkFeQlqGF6ZxR7IREEXyFQrf1f1mmlx5EynOTItLLx4aBbcVpCH+CDsl5ZTw==
    dependencies:
      csstype "3.0.10"
      free-style "3.1.0"
  
  uri-js@^4.2.2:
    version "4.4.1"
    resolved "https://registry.npmjs.org/uri-js/-/uri-js-4.4.1.tgz"
    integrity sha512-7rKUyy33Q1yc98pQ1DAmLtwX109F7TIfWlW1Ydo8Wl1ii1SeHieeh0HHfPeL2fMXK6z0s8ecKs9frCuLJvndBg==
    dependencies:
      punycode "^2.1.0"
  
  url-parse@~1.5.1:
    version "1.5.10"
    resolved "https://registry.npmjs.org/url-parse/-/url-parse-1.5.10.tgz"
    integrity sha512-WypcfiRhfeUP9vvF0j6rw0J3hrWrw6iZv3+22h6iRMJ/8z1Tj6XfLP4DsUix5MhMPnXpiHDoKyoZ/bdCkwBCiQ==
    dependencies:
      querystringify "^2.1.1"
      requires-port "^1.0.0"
  
  url@^0.11.0:
    version "0.11.0"
    resolved "https://registry.npmjs.org/url/-/url-0.11.0.tgz"
    integrity sha512-kbailJa29QrtXnxgq+DdCEGlbTeYM2eJUxsz6vjZavrCYPMIFHMKQmSKYAIuUK2i7hgPm28a8piX5NTUtM/LKQ==
    dependencies:
      punycode "1.3.2"
      querystring "0.2.0"
  
  util-deprecate@^1.0.1:
    version "1.0.2"
    resolved "https://registry.npmjs.org/util-deprecate/-/util-deprecate-1.0.2.tgz"
    integrity sha512-EPD5q1uXyFxJpCrLnCc1nHnq3gOa6DZBocAIiI2TaSCA7VCJ1UJDMagCzIkXNsUYfD1daK//LTEQ8xiIbrHtcw==
  
  validate.io-array@^1.0.3:
    version "1.0.6"
    resolved "https://registry.npmjs.org/validate.io-array/-/validate.io-array-1.0.6.tgz"
    integrity sha512-DeOy7CnPEziggrOO5CZhVKJw6S3Yi7e9e65R1Nl/RTN1vTQKnzjfvks0/8kQ40FP/dsjRAOd4hxmJ7uLa6vxkg==
  
  validate.io-function@^1.0.2:
    version "1.0.2"
    resolved "https://registry.npmjs.org/validate.io-function/-/validate.io-function-1.0.2.tgz"
    integrity sha512-LlFybRJEriSuBnUhQyG5bwglhh50EpTL2ul23MPIuR1odjO7XaMLFV8vHGwp7AZciFxtYOeiSCT5st+XSPONiQ==
  
  validate.io-integer-array@^1.0.0:
    version "1.0.0"
    resolved "https://registry.npmjs.org/validate.io-integer-array/-/validate.io-integer-array-1.0.0.tgz"
    integrity sha512-mTrMk/1ytQHtCY0oNO3dztafHYyGU88KL+jRxWuzfOmQb+4qqnWmI+gykvGp8usKZOM0H7keJHEbRaFiYA0VrA==
    dependencies:
      validate.io-array "^1.0.3"
      validate.io-integer "^1.0.4"
  
  validate.io-integer@^1.0.4:
    version "1.0.5"
    resolved "https://registry.npmjs.org/validate.io-integer/-/validate.io-integer-1.0.5.tgz"
    integrity sha512-22izsYSLojN/P6bppBqhgUDjCkr5RY2jd+N2a3DCAUey8ydvrZ/OkGvFPR7qfOpwR2LC5p4Ngzxz36g5Vgr/hQ==
    dependencies:
      validate.io-number "^1.0.3"
  
  validate.io-number@^1.0.3:
    version "1.0.3"
    resolved "https://registry.npmjs.org/validate.io-number/-/validate.io-number-1.0.3.tgz"
    integrity sha512-kRAyotcbNaSYoDnXvb4MHg/0a1egJdLwS6oJ38TJY7aw9n93Fl/3blIXdyYvPOp55CNxywooG/3BcrwNrBpcSg==
  
  warning@^4.0.2, warning@^4.0.3:
    version "4.0.3"
    resolved "https://registry.npmjs.org/warning/-/warning-4.0.3.tgz"
    integrity sha512-rpJyN222KWIvHJ/F53XSZv0Zl/accqHR8et1kpaMTD/fLCRxtV8iX8czMzY7sVZupTI3zcUTg8eycS2kNF9l6w==
    dependencies:
      loose-envify "^1.0.0"
  
  webidl-conversions@^3.0.0:
    version "3.0.1"
    resolved "https://registry.npmjs.org/webidl-conversions/-/webidl-conversions-3.0.1.tgz"
    integrity sha512-2JAn3z8AR6rjK8Sm8orRC0h/bcl/DqL7tRPdGZ4I1CjdF+EaMLmYxBHyXuKL849eucPFhvBoxMsflfOb8kxaeQ==
  
  whatwg-url@^5.0.0:
    version "5.0.0"
    resolved "https://registry.npmjs.org/whatwg-url/-/whatwg-url-5.0.0.tgz"
    integrity sha512-saE57nupxk6v3HY35+jzBwYa0rKSy0XR8JSxZPwgLr7ys0IBzhGviA1/TUGJLmSVqs8pb9AnvICXEuOHLprYTw==
    dependencies:
      tr46 "~0.0.3"
      webidl-conversions "^3.0.0"
  
  wrappy@1:
    version "1.0.2"
    resolved "https://registry.npmjs.org/wrappy/-/wrappy-1.0.2.tgz"
    integrity sha512-l4Sp/DRseor9wL6EvV2+TuQn63dMkPjZ/sp9XkghTEbV9KlPS1xUsZ3u7/IQO4wxtcFB4bgpQPRcR3QCvezPcQ==
  
  ws@^6.2.1:
    version "6.2.2"
    resolved "https://registry.npmjs.org/ws/-/ws-6.2.2.tgz"
    integrity sha512-zmhltoSR8u1cnDsD43TX59mzoMZsLKqUweyYBAIvTngR3shc0W6aOZylZmq/7hqyVxPdi+5Ud2QInblgyE72fw==
    dependencies:
      async-limiter "~1.0.0"
  
  ws@^7.4.6:
    version "7.5.8"
    resolved "https://registry.npmjs.org/ws/-/ws-7.5.8.tgz"
    integrity sha512-ri1Id1WinAX5Jqn9HejiGb8crfRio0Qgu8+MtL36rlTA6RLsMdWt1Az/19A2Qij6uSHUMphEFaTKa4WG+UNHNw==
  
  xtend@^4.0.2, xtend@~4.0.0:
    version "4.0.2"
    resolved "https://registry.npmjs.org/xtend/-/xtend-4.0.2.tgz"
    integrity sha512-LKYU1iAXJXUgAXn9URjiu+MWhyUXHsvfp7mcuYm9dSUKK0/CjtrUwFAxD82/mCWbtLsGjFIad0wIsod4zrTAEQ==
  
  y-codemirror@^3.0.1:
    version "3.0.1"
    resolved "https://registry.npmjs.org/y-codemirror/-/y-codemirror-3.0.1.tgz"
    integrity sha512-TsLSoouAZxkxOKbmTj7qdwZNS0lZMVqIdp7/j9EgUUqYj0remZYDGl6VBABrmp9UX1QvX6RoXXqzbNhftgfCbA==
    dependencies:
      lib0 "^0.2.42"
  
  y-leveldb@^0.1.0:
    version "0.1.1"
    resolved "https://registry.npmjs.org/y-leveldb/-/y-leveldb-0.1.1.tgz"
    integrity sha512-L8Q0MQmxCQ0qWIOuPzLbWn95TNhrCI7M6LaHnilU4I2IX08e4Dmfg5Tgy4JZ3tnl2aiuZyDOJplHl/msIB/IsA==
    dependencies:
      level "^6.0.1"
      lib0 "^0.2.31"
  
  y-protocols@^1.0.5:
    version "1.0.5"
    resolved "https://registry.npmjs.org/y-protocols/-/y-protocols-1.0.5.tgz"
    integrity sha512-Wil92b7cGk712lRHDqS4T90IczF6RkcvCwAD0A2OPg+adKmOe+nOiT/N2hvpQIWS3zfjmtL4CPaH5sIW1Hkm/A==
    dependencies:
      lib0 "^0.2.42"
  
  y-websocket@^1.3.15:
    version "1.4.3"
    resolved "https://registry.npmjs.org/y-websocket/-/y-websocket-1.4.3.tgz"
    integrity sha512-VobyJaAoyWIETETNZragnTpL7kcJr8a/CIUQP6DfXcQ4v0UmZUuANdsPsbmMjDsEeUECVFRhHauxpDtRhYqkaQ==
    dependencies:
      lib0 "^0.2.42"
      lodash.debounce "^4.0.8"
      y-protocols "^1.0.5"
    optionalDependencies:
      ws "^6.2.1"
      y-leveldb "^0.1.0"
  
  yjs@^13.5.17:
    version "13.5.39"
    resolved "https://registry.npmjs.org/yjs/-/yjs-13.5.39.tgz"
    integrity sha512-EoVT856l301lomtjjVspgTdSRiFqZ7gNKnmVPX4/V8NHI5EYS39/MdjB9iNv0Mw1weKDZRU8NgxgerqwJ3y2xA==
    dependencies:
      lib0 "^0.2.49"
